9/3/2023, 3:37:19 PM

-----------------------------------------
9/3/2023, 3:42:53 PM

-----------------------------------------
9/3/2023, 3:43:16 PM
GET /api/vacations [object Object]
-----------------------------------------
9/3/2023, 3:44:20 PM
GET 
 /api/vacations 
 [object Object]
-----------------------------------------
9/3/2023, 3:47:22 PM

         Method: GET 
 
         Url: /api/vacations 
 
         Body: {}
-----------------------------------------
9/3/2023, 3:47:52 PM

         Method: POST 
 
         Url: /api/vacations 
 
         Body: {"destination":"Thailand","description":"Cool views!!!","startingDate":"2023-09-28","endingDate":"2023-10-04","price":"999"}
-----------------------------------------
9/3/2023, 3:48:09 PM

         Method: POST 
 
         Url: /api/vacations 
 
         Body: {"destination":"Thailand","description":"Cool views!!!","startingDate":"2023-09-28","endingDate":"2023-10-04","price":"999"}
-----------------------------------------
9/3/2023, 3:48:14 PM

         Method: PUT 
 
         Url: /api/vacations/22 
 
         Body: {"destination":"Prague","description":"The city of yummy rolls!","startingDate":"2022-01-03","endingDate":"2022-01-09","price":"6700"}
-----------------------------------------
9/3/2023, 3:49:33 PM

         Method: PUT 
 
         Url: /api/vacations/22 
 
         Body: {"destination":"Prague","description":"The city of yummy rolls!","startingDate":"2022-01-03","endingDate":"2022-01-09","price":"6700"}
-----------------------------------------
9/3/2023, 3:50:08 PM

         Method: POST 
 
         Url: /api/vacations 
 
         Body: {"destination":"Thailand","description":"Cool views!!!","startingDate":"2023-09-28","endingDate":"2023-10-04","price":"999"}
-----------------------------------------
9/3/2023, 3:51:05 PM

         Method: POST 
 
         Url: /api/vacations 
 
         Body: {"destination":"Thailand","description":"Cool views!!!","startingDate":"2023-09-28","endingDate":"2023-10-04","price":"999"}
-----------------------------------------
9/3/2023, 3:51:09 PM

         Method: GET 
 
         Url: /api/vacations 
 
         Body: {}
-----------------------------------------
9/3/2023, 3:52:20 PM

         Method: POST
         Url: /api/vacations 
         Body: {"destination":"Thailand","description":"Cool views!!!","startingDate":"2023-09-28","endingDate":"2023-10-04","price":"999"}
-----------------------------------------
9/3/2023, 3:53:01 PM

         Method: POST
         Url: /api/vacations 
         Body: {"destination":"Thailand","description":"Cool views!!!","startingDate":"2023-09-28","endingDate":"2023-10-04","price":"999"}

-----------------------------------------
9/3/2023, 3:54:33 PM

         User IP: ::1
         Method: POST
         Url: /api/vacations 
         Body: {"destination":"Thailand","description":"Cool views!!!","startingDate":"2023-09-28","endingDate":"2023-10-04","price":"999"}
-----------------------------------------
9/3/2023, 6:23:31 PM

         User IP: ::1
         Method: POST
         Url: /api/login 
         Body: {"email":"tomer_ben38491@gmail.com","password":"1234"}
-----------------------------------------
9/3/2023, 6:23:47 PM

         User IP: ::1
         Method: GET
         Url: /api/vacations 
         Body: {}
-----------------------------------------
9/3/2023, 6:23:52 PM

         User IP: ::1
         Method: GET
         Url: /api/vacations 
         Body: {}
-----------------------------------------
9/3/2023, 6:44:33 PM

         User IP: ::ffff:127.0.0.1
         Method: GET
         Url: /api/vacations 
         Body: {}
-----------------------------------------
9/3/2023, 7:58:01 PM

         User IP: ::ffff:127.0.0.1
         Method: GET
         Url: /api/vacations 
         Body: {}
-----------------------------------------
9/3/2023, 8:01:10 PM

         User IP: ::ffff:127.0.0.1
         Method: GET
         Url: /api/vacations 
         Body: {}
-----------------------------------------
9/3/2023, 8:05:57 PM

         User IP: ::ffff:127.0.0.1
         Method: GET
         Url: /api/vacations 
         Body: {}
-----------------------------------------
9/3/2023, 8:10:16 PM

         User IP: ::ffff:127.0.0.1
         Method: GET
         Url: /api/vacations 
         Body: {}
-----------------------------------------
9/3/2023, 8:10:16 PM

         User IP: ::ffff:127.0.0.1
         Method: POST
         Url: /api/vacations 
         Body: {}
-----------------------------------------
9/3/2023, 8:13:36 PM

         User IP: ::1
         Method: POST
         Url: /api/vacations 
         Body: {"destination":"Thailand","description":"Cool views!!!","startingDate":"2023-09-28","endingDate":"2023-10-04","price":"999"}
-----------------------------------------
9/3/2023, 8:13:58 PM

         User IP: ::1
         Method: POST
         Url: /api/vacations 
         Body: {"destination":"Thailand","description":"Cool views!!!","startingDate":"2023-09-28","endingDate":"2023-10-04","price":"999"}
-----------------------------------------
9/3/2023, 8:17:56 PM

         User IP: ::ffff:127.0.0.1
         Method: GET
         Url: /api/vacations 
         Body: {}
-----------------------------------------
9/3/2023, 8:20:58 PM

         User IP: ::1
         Method: POST
         Url: /api/vacations 
         Body: {"destination":"Thailand","description":"Cool views!!!","startingDate":"2023-09-28","endingDate":"2023-10-04","price":"999"}
-----------------------------------------
9/4/2023, 7:45:29 AM

         User IP: ::1
         Method: POST
         Url: /api/login 
         Body: {"email":"tomer_ben38491@gmail.com","password":"1234"}
-----------------------------------------
9/4/2023, 7:45:51 AM

         User IP: ::1
         Method: GET
         Url: /api/vacations 
         Body: {}
-----------------------------------------
9/4/2023, 7:46:07 AM

         User IP: ::1
         Method: POST
         Url: /api/vacations 
         Body: {"destination":"Thailand","description":"Cool views!!!","startingDate":"2023-09-28","endingDate":"2023-10-04","price":"999"}
-----------------------------------------
9/4/2023, 7:46:15 AM

         User IP: ::1
         Method: POST
         Url: /api/vacations 
         Body: {"destination":"Thailand","description":"Cool views!!!","startingDate":"2023-09-28","endingDate":"2023-10-04","price":"999"}
-----------------------------------------
9/4/2023, 7:46:29 AM

         User IP: ::1
         Method: POST
         Url: /api/vacations 
         Body: {"destination":"Thailand","description":"Cool views!!!","startingDate":"2023-09-28","endingDate":"2023-10-04","price":"999"}
-----------------------------------------
9/4/2023, 7:46:53 AM

         User IP: ::ffff:127.0.0.1
         Method: GET
         Url: /api/vacations 
         Body: {}
-----------------------------------------
9/4/2023, 7:47:35 AM

         User IP: ::ffff:127.0.0.1
         Method: GET
         Url: /api/vacations 
         Body: {}
-----------------------------------------
9/4/2023, 7:48:19 AM

         User IP: ::ffff:127.0.0.1
         Method: GET
         Url: /api/vacations 
         Body: {}
-----------------------------------------
9/4/2023, 7:49:34 AM

         User IP: ::ffff:127.0.0.1
         Method: GET
         Url: /api/vacations 
         Body: {}
-----------------------------------------
9/4/2023, 7:51:51 AM

         User IP: ::ffff:127.0.0.1
         Method: GET
         Url: /api/vacations 
         Body: {}
-----------------------------------------
9/4/2023, 7:52:51 AM

         User IP: ::ffff:127.0.0.1
         Method: GET
         Url: /api/vacations 
         Body: {}
-----------------------------------------
9/4/2023, 7:53:17 AM

         User IP: ::ffff:127.0.0.1
         Method: GET
         Url: /api/vacations 
         Body: {}
-----------------------------------------
9/4/2023, 7:59:20 AM

         User IP: ::ffff:127.0.0.1
         Method: GET
         Url: /api/vacations 
         Body: {}
-----------------------------------------
9/4/2023, 8:00:13 AM

         User IP: ::ffff:127.0.0.1
         Method: GET
         Url: /api/vacations 
         Body: {}
-----------------------------------------
9/4/2023, 12:02:16 PM

         User IP: ::ffff:127.0.0.1
         Method: POST
         Url: /api/vacations 
         Body: {"destination":"Paris","description":"The city of lights","startingDate":"2023-10-28","endingDate":"2023-11-28","price":"6500"}
-----------------------------------------
9/4/2023, 12:05:43 PM

         User IP: ::ffff:127.0.0.1
         Method: POST
         Url: /api/vacations 
         Body: {"destination":"Paris","description":"The city of lights","startingDate":"2023-10-28","endingDate":"2023-11-28","price":"6500"}
-----------------------------------------
9/4/2023, 12:06:56 PM

         User IP: ::ffff:127.0.0.1
         Method: GET
         Url: /api/vacations 
         Body: {}
-----------------------------------------
9/4/2023, 12:06:56 PM

         User IP: ::ffff:127.0.0.1
         Method: POST
         Url: /api/vacations 
         Body: {"destination":"Paris","description":"The city of lights","startingDate":"2023-10-28","endingDate":"2023-11-28","price":"6500"}
-----------------------------------------
9/4/2023, 12:07:30 PM

         User IP: ::ffff:127.0.0.1
         Method: GET
         Url: /api/vacations 
         Body: {}
-----------------------------------------
9/4/2023, 12:07:30 PM

         User IP: ::ffff:127.0.0.1
         Method: POST
         Url: /api/vacations 
         Body: {"destination":"Paris","description":"The city of lights","startingDate":"2023-10-28","endingDate":"2023-11-28","price":"6500"}
-----------------------------------------
9/4/2023, 12:37:25 PM

         User IP: ::ffff:127.0.0.1
         Method: GET
         Url: /api/vacations 
         Body: {}
-----------------------------------------
9/4/2023, 12:37:25 PM

         User IP: ::ffff:127.0.0.1
         Method: POST
         Url: /api/vacations 
         Body: {"destination":"Paris","description":"The city of lights","startingDate":"2023-10-28","endingDate":"2023-11-28","price":"6500"}
-----------------------------------------
9/4/2023, 1:01:11 PM

         User IP: ::ffff:127.0.0.1
         Method: PUT
         Url: /api/vacations/1 
         Body: {"destination":"London","description":"The city of Harry Potter","startingDate":"2024-01-01","endingDate":"2024-01-10","price":"9500"}
-----------------------------------------
9/4/2023, 1:01:56 PM

         User IP: ::1
         Method: POST
         Url: /api/login 
         Body: {"email":"tomer_ben38491@gmail.com","password":"1234"}
-----------------------------------------
9/4/2023, 1:03:14 PM

         User IP: ::ffff:127.0.0.1
         Method: PUT
         Url: /api/vacations/1 
         Body: {"destination":"London","description":"The city of Harry Potter","startingDate":"2024-01-01","endingDate":"2024-01-10","price":"9500"}
-----------------------------------------
9/4/2023, 1:04:30 PM

         User IP: ::ffff:127.0.0.1
         Method: GET
         Url: /api/vacations 
         Body: {}
-----------------------------------------
9/4/2023, 1:04:30 PM

         User IP: ::ffff:127.0.0.1
         Method: POST
         Url: /api/vacations 
         Body: {"destination":"Paris","description":"The city of lights","startingDate":"2023-10-28","endingDate":"2023-11-28","price":"6500"}
-----------------------------------------
9/4/2023, 1:04:30 PM

         User IP: ::ffff:127.0.0.1
         Method: PUT
         Url: /api/vacations/1 
         Body: {"destination":"London","description":"The city of Harry Potter","startingDate":"2024-01-01","endingDate":"2024-01-10","price":"9500"}
-----------------------------------------
9/4/2023, 1:15:13 PM

         User IP: ::ffff:127.0.0.1
         Method: GET
         Url: /api/vacations 
         Body: {}
-----------------------------------------
9/4/2023, 1:15:13 PM

         User IP: ::ffff:127.0.0.1
         Method: POST
         Url: /api/vacations 
         Body: {"destination":"Paris","description":"The city of lights","startingDate":"2023-10-28","endingDate":"2023-11-28","price":"6500"}
-----------------------------------------
9/4/2023, 1:15:13 PM

         User IP: ::ffff:127.0.0.1
         Method: PUT
         Url: /api/vacations/1 
         Body: {"destination":"London","description":"The city of Harry Potter","startingDate":"2024-01-01","endingDate":"2024-01-10","price":"9500"}
-----------------------------------------
9/4/2023, 1:15:13 PM

         User IP: ::ffff:127.0.0.1
         Method: DELETE
         Url: /api/vacations/1 
         Body: {}
-----------------------------------------
