Sun, 03 Sep 2023 12:24:44 GMT
Route /api/vacations534534 not found
-----------------------------------------
9/3/2023, 3:27:43 PM
Route /api/vacations534534 not found
-----------------------------------------
9/3/2023, 3:47:52 PM
"followingUsers" is not allowed
-----------------------------------------
9/3/2023, 3:48:09 PM
"followingUsers" is not allowed
-----------------------------------------
9/3/2023, 3:48:14 PM
"followingUsers" is not allowed
-----------------------------------------
9/3/2023, 3:49:33 PM
"followingUsers" must be a number
-----------------------------------------
9/3/2023, 3:50:08 PM
"followingUsers" must be a number
-----------------------------------------
9/3/2023, 6:23:47 PM
jwt expired
-----------------------------------------
9/3/2023, 8:10:16 PM
No legal token was found
-----------------------------------------
9/3/2023, 8:13:36 PM
Please add an image.
-----------------------------------------
9/4/2023, 7:46:07 AM
jwt expired
-----------------------------------------
9/4/2023, 7:46:15 AM
Please add an image.
-----------------------------------------
9/4/2023, 7:46:53 AM
jwt expired
-----------------------------------------
9/4/2023, 7:47:35 AM
jwt expired
-----------------------------------------
9/4/2023, 7:48:19 AM
jwt expired
-----------------------------------------
9/4/2023, 7:49:34 AM
connect ECONNREFUSED ::1:3306
Stack: Error: connect ECONNREFUSED ::1:3306
    at TCPConnectWrap.afterConnect [as oncomplete] (node:net:1494:16)
    --------------------
    at Protocol._enqueue (C:\4578-94\GitHub Projects\Project 3\FlyAway\Backend\node_modules\mysql\lib\protocol\Protocol.js:144:48)
    at Protocol.handshake (C:\4578-94\GitHub Projects\Project 3\FlyAway\Backend\node_modules\mysql\lib\protocol\Protocol.js:51:23)
    at PoolConnection.connect (C:\4578-94\GitHub Projects\Project 3\FlyAway\Backend\node_modules\mysql\lib\Connection.js:116:18)
    at Pool.getConnection (C:\4578-94\GitHub Projects\Project 3\FlyAway\Backend\node_modules\mysql\lib\Pool.js:48:16)
    at Pool.query (C:\4578-94\GitHub Projects\Project 3\FlyAway\Backend\node_modules\mysql\lib\Pool.js:202:8)
    at C:\4578-94\GitHub Projects\Project 3\FlyAway\Backend\src\2-utils\dal.ts:19:20
    at new Promise (<anonymous>)
    at Object.execute (C:\4578-94\GitHub Projects\Project 3\FlyAway\Backend\src\2-utils\dal.ts:16:12)
    at Object.<anonymous> (C:\4578-94\GitHub Projects\Project 3\FlyAway\Backend\src\5-services\vacations-service.ts:21:33)
    at Generator.next (<anonymous>)
    at C:\4578-94\GitHub Projects\Project 3\FlyAway\Backend\src\5-services\vacations-service.ts:8:71
    at new Promise (<anonymous>)
    at __awaiter (C:\4578-94\GitHub Projects\Project 3\FlyAway\Backend\src\5-services\vacations-service.ts:4:12)
    at Object.getAllVacations (C:\4578-94\GitHub Projects\Project 3\FlyAway\Backend\src\5-services\vacations-service.ts:21:12)
    at C:\4578-94\GitHub Projects\Project 3\FlyAway\Backend\src\6-controllers\vacations-controller.ts:15:50
    at Generator.next (<anonymous>)
    at C:\4578-94\GitHub Projects\Project 3\FlyAway\Backend\src\6-controllers\vacations-controller.ts:8:71
    at new Promise (<anonymous>)
    at __awaiter (C:\4578-94\GitHub Projects\Project 3\FlyAway\Backend\src\6-controllers\vacations-controller.ts:4:12)
    at C:\4578-94\GitHub Projects\Project 3\FlyAway\Backend\src\6-controllers\vacations-controller.ts:13:106
    at Layer.handle [as handle_request] (C:\4578-94\GitHub Projects\Project 3\FlyAway\Backend\node_modules\express\lib\router\layer.js:95:5)
    at next (C:\4578-94\GitHub Projects\Project 3\FlyAway\Backend\node_modules\express\lib\router\route.js:144:13)
    at verifyToken (C:\4578-94\GitHub Projects\Project 3\FlyAway\Backend\src\4-middleware\verify-token.ts:8:5)
    at Layer.handle [as handle_request] (C:\4578-94\GitHub Projects\Project 3\FlyAway\Backend\node_modules\express\lib\router\layer.js:95:5)
    at next (C:\4578-94\GitHub Projects\Project 3\FlyAway\Backend\node_modules\express\lib\router\route.js:144:13)
    at Route.dispatch (C:\4578-94\GitHub Projects\Project 3\FlyAway\Backend\node_modules\express\lib\router\route.js:114:3)
    at Layer.handle [as handle_request] (C:\4578-94\GitHub Projects\Project 3\FlyAway\Backend\node_modules\express\lib\router\layer.js:95:5)
    at C:\4578-94\GitHub Projects\Project 3\FlyAway\Backend\node_modules\express\lib\router\index.js:284:15
    at Function.process_params (C:\4578-94\GitHub Projects\Project 3\FlyAway\Backend\node_modules\express\lib\router\index.js:346:12)
    at next (C:\4578-94\GitHub Projects\Project 3\FlyAway\Backend\node_modules\express\lib\router\index.js:280:10)
    at Function.handle (C:\4578-94\GitHub Projects\Project 3\FlyAway\Backend\node_modules\express\lib\router\index.js:175:3)
    at router (C:\4578-94\GitHub Projects\Project 3\FlyAway\Backend\node_modules\express\lib\router\index.js:47:12)
    at Layer.handle [as handle_request] (C:\4578-94\GitHub Projects\Project 3\FlyAway\Backend\node_modules\express\lib\router\layer.js:95:5)
    at trim_prefix (C:\4578-94\GitHub Projects\Project 3\FlyAway\Backend\node_modules\express\lib\router\index.js:328:13)
    at C:\4578-94\GitHub Projects\Project 3\FlyAway\Backend\node_modules\express\lib\router\index.js:286:9
    at Function.process_params (C:\4578-94\GitHub Projects\Project 3\FlyAway\Backend\node_modules\express\lib\router\index.js:346:12)
    at next (C:\4578-94\GitHub Projects\Project 3\FlyAway\Backend\node_modules\express\lib\router\index.js:280:10)
    at C:\4578-94\GitHub Projects\Project 3\FlyAway\Backend\node_modules\express\lib\router\index.js:646:15
    at next (C:\4578-94\GitHub Projects\Project 3\FlyAway\Backend\node_modules\express\lib\router\index.js:265:14)
    at Function.handle (C:\4578-94\GitHub Projects\Project 3\FlyAway\Backend\node_modules\express\lib\router\index.js:175:3)
    at router (C:\4578-94\GitHub Projects\Project 3\FlyAway\Backend\node_modules\express\lib\router\index.js:47:12)
    at Layer.handle [as handle_request] (C:\4578-94\GitHub Projects\Project 3\FlyAway\Backend\node_modules\express\lib\router\layer.js:95:5)
    at trim_prefix (C:\4578-94\GitHub Projects\Project 3\FlyAway\Backend\node_modules\express\lib\router\index.js:328:13)
    at C:\4578-94\GitHub Projects\Project 3\FlyAway\Backend\node_modules\express\lib\router\index.js:286:9
    at Function.process_params (C:\4578-94\GitHub Projects\Project 3\FlyAway\Backend\node_modules\express\lib\router\index.js:346:12)
    at next (C:\4578-94\GitHub Projects\Project 3\FlyAway\Backend\node_modules\express\lib\router\index.js:280:10)
    at verbose (C:\4578-94\GitHub Projects\Project 3\FlyAway\Backend\src\4-middleware\verbose.ts:15:5)
    at Layer.handle [as handle_request] (C:\4578-94\GitHub Projects\Project 3\FlyAway\Backend\node_modules\express\lib\router\layer.js:95:5)
    at trim_prefix (C:\4578-94\GitHub Projects\Project 3\FlyAway\Backend\node_modules\express\lib\router\index.js:328:13)
    at C:\4578-94\GitHub Projects\Project 3\FlyAway\Backend\node_modules\express\lib\router\index.js:286:9
    at Function.process_params (C:\4578-94\GitHub Projects\Project 3\FlyAway\Backend\node_modules\express\lib\router\index.js:346:12)
    at next (C:\4578-94\GitHub Projects\Project 3\FlyAway\Backend\node_modules\express\lib\router\index.js:280:10)
    at C:\4578-94\GitHub Projects\Project 3\FlyAway\Backend\node_modules\express-fileupload\lib\index.js:35:14
    at Layer.handle [as handle_request] (C:\4578-94\GitHub Projects\Project 3\FlyAway\Backend\node_modules\express\lib\router\layer.js:95:5)
    at trim_prefix (C:\4578-94\GitHub Projects\Project 3\FlyAway\Backend\node_modules\express\lib\router\index.js:328:13)
    at C:\4578-94\GitHub Projects\Project 3\FlyAway\Backend\node_modules\express\lib\router\index.js:286:9
    at Function.process_params (C:\4578-94\GitHub Projects\Project 3\FlyAway\Backend\node_modules\express\lib\router\index.js:346:12)
    at next (C:\4578-94\GitHub Projects\Project 3\FlyAway\Backend\node_modules\express\lib\router\index.js:280:10)
    at sanitize (C:\4578-94\GitHub Projects\Project 3\FlyAway\Backend\src\4-middleware\sanitize.ts:11:5)
    at Layer.handle [as handle_request] (C:\4578-94\GitHub Projects\Project 3\FlyAway\Backend\node_modules\express\lib\router\layer.js:95:5)
    at trim_prefix (C:\4578-94\GitHub Projects\Project 3\FlyAway\Backend\node_modules\express\lib\router\index.js:328:13)
    at C:\4578-94\GitHub Projects\Project 3\FlyAway\Backend\node_modules\express\lib\router\index.js:286:9
    at Function.process_params (C:\4578-94\GitHub Projects\Project 3\FlyAway\Backend\node_modules\express\lib\router\index.js:346:12)
    at next (C:\4578-94\GitHub Projects\Project 3\FlyAway\Backend\node_modules\express\lib\router\index.js:280:10)
    at jsonParser (C:\4578-94\GitHub Projects\Project 3\FlyAway\Backend\node_modules\body-parser\lib\types\json.js:110:7)
    at Layer.handle [as handle_request] (C:\4578-94\GitHub Projects\Project 3\FlyAway\Backend\node_modules\express\lib\router\layer.js:95:5)
    at trim_prefix (C:\4578-94\GitHub Projects\Project 3\FlyAway\Backend\node_modules\express\lib\router\index.js:328:13)
    at C:\4578-94\GitHub Projects\Project 3\FlyAway\Backend\node_modules\express\lib\router\index.js:286:9
    at Function.process_params (C:\4578-94\GitHub Projects\Project 3\FlyAway\Backend\node_modules\express\lib\router\index.js:346:12)
    at next (C:\4578-94\GitHub Projects\Project 3\FlyAway\Backend\node_modules\express\lib\router\index.js:280:10)
    at cors (C:\4578-94\GitHub Projects\Project 3\FlyAway\Backend\node_modules\cors\lib\index.js:188:7)
    at C:\4578-94\GitHub Projects\Project 3\FlyAway\Backend\node_modules\cors\lib\index.js:224:17
    at originCallback (C:\4578-94\GitHub Projects\Project 3\FlyAway\Backend\node_modules\cors\lib\index.js:214:15)
    at C:\4578-94\GitHub Projects\Project 3\FlyAway\Backend\node_modules\cors\lib\index.js:219:13
    at optionsCallback (C:\4578-94\GitHub Projects\Project 3\FlyAway\Backend\node_modules\cors\lib\index.js:199:9)
    at corsMiddleware (C:\4578-94\GitHub Projects\Project 3\FlyAway\Backend\node_modules\cors\lib\index.js:204:7)
    at Layer.handle [as handle_request] (C:\4578-94\GitHub Projects\Project 3\FlyAway\Backend\node_modules\express\lib\router\layer.js:95:5)
    at trim_prefix (C:\4578-94\GitHub Projects\Project 3\FlyAway\Backend\node_modules\express\lib\router\index.js:328:13)
    at C:\4578-94\GitHub Projects\Project 3\FlyAway\Backend\node_modules\express\lib\router\index.js:286:9
    at Function.process_params (C:\4578-94\GitHub Projects\Project 3\FlyAway\Backend\node_modules\express\lib\router\index.js:346:12)
    at next (C:\4578-94\GitHub Projects\Project 3\FlyAway\Backend\node_modules\express\lib\router\index.js:280:10)
    at expressInit (C:\4578-94\GitHub Projects\Project 3\FlyAway\Backend\node_modules\express\lib\middleware\init.js:40:5)
    at Layer.handle [as handle_request] (C:\4578-94\GitHub Projects\Project 3\FlyAway\Backend\node_modules\express\lib\router\layer.js:95:5)
    at trim_prefix (C:\4578-94\GitHub Projects\Project 3\FlyAway\Backend\node_modules\express\lib\router\index.js:328:13)
    at C:\4578-94\GitHub Projects\Project 3\FlyAway\Backend\node_modules\express\lib\router\index.js:286:9
    at Function.process_params (C:\4578-94\GitHub Projects\Project 3\FlyAway\Backend\node_modules\express\lib\router\index.js:346:12)
    at next (C:\4578-94\GitHub Projects\Project 3\FlyAway\Backend\node_modules\express\lib\router\index.js:280:10)
    at query (C:\4578-94\GitHub Projects\Project 3\FlyAway\Backend\node_modules\express\lib\middleware\query.js:45:5)
    at Layer.handle [as handle_request] (C:\4578-94\GitHub Projects\Project 3\FlyAway\Backend\node_modules\express\lib\router\layer.js:95:5)
    at trim_prefix (C:\4578-94\GitHub Projects\Project 3\FlyAway\Backend\node_modules\express\lib\router\index.js:328:13)
    at C:\4578-94\GitHub Projects\Project 3\FlyAway\Backend\node_modules\express\lib\router\index.js:286:9
    at Function.process_params (C:\4578-94\GitHub Projects\Project 3\FlyAway\Backend\node_modules\express\lib\router\index.js:346:12)
    at next (C:\4578-94\GitHub Projects\Project 3\FlyAway\Backend\node_modules\express\lib\router\index.js:280:10)
    at Function.handle (C:\4578-94\GitHub Projects\Project 3\FlyAway\Backend\node_modules\express\lib\router\index.js:175:3)
    at Function.handle (C:\4578-94\GitHub Projects\Project 3\FlyAway\Backend\node_modules\express\lib\application.js:181:10)
    at Server.app (C:\4578-94\GitHub Projects\Project 3\FlyAway\Backend\node_modules\express\lib\express.js:39:9)
    at Server.emit (node:events:513:28)
    at Server.emit (node:domain:489:12)
    at parserOnIncoming (node:_http_server:1091:12)
    at HTTPParser.parserOnHeadersComplete (node:_http_common:119:17)
-----------------------------------------
9/4/2023, 7:51:51 AM
connect ECONNREFUSED ::1:3306
Stack: Error: connect ECONNREFUSED ::1:3306
    at TCPConnectWrap.afterConnect [as oncomplete] (node:net:1494:16)
    --------------------
    at Protocol._enqueue (C:\4578-94\GitHub Projects\Project 3\FlyAway\Backend\node_modules\mysql\lib\protocol\Protocol.js:144:48)
    at Protocol.handshake (C:\4578-94\GitHub Projects\Project 3\FlyAway\Backend\node_modules\mysql\lib\protocol\Protocol.js:51:23)
    at PoolConnection.connect (C:\4578-94\GitHub Projects\Project 3\FlyAway\Backend\node_modules\mysql\lib\Connection.js:116:18)
    at Pool.getConnection (C:\4578-94\GitHub Projects\Project 3\FlyAway\Backend\node_modules\mysql\lib\Pool.js:48:16)
    at Pool.query (C:\4578-94\GitHub Projects\Project 3\FlyAway\Backend\node_modules\mysql\lib\Pool.js:202:8)
    at C:\4578-94\GitHub Projects\Project 3\FlyAway\Backend\src\2-utils\dal.ts:19:20
    at new Promise (<anonymous>)
    at Object.execute (C:\4578-94\GitHub Projects\Project 3\FlyAway\Backend\src\2-utils\dal.ts:16:12)
    at Object.<anonymous> (C:\4578-94\GitHub Projects\Project 3\FlyAway\Backend\src\5-services\vacations-service.ts:21:33)
    at Generator.next (<anonymous>)
    at C:\4578-94\GitHub Projects\Project 3\FlyAway\Backend\src\5-services\vacations-service.ts:8:71
    at new Promise (<anonymous>)
    at __awaiter (C:\4578-94\GitHub Projects\Project 3\FlyAway\Backend\src\5-services\vacations-service.ts:4:12)
    at Object.getAllVacations (C:\4578-94\GitHub Projects\Project 3\FlyAway\Backend\src\5-services\vacations-service.ts:21:12)
    at C:\4578-94\GitHub Projects\Project 3\FlyAway\Backend\src\6-controllers\vacations-controller.ts:15:50
    at Generator.next (<anonymous>)
    at C:\4578-94\GitHub Projects\Project 3\FlyAway\Backend\src\6-controllers\vacations-controller.ts:8:71
    at new Promise (<anonymous>)
    at __awaiter (C:\4578-94\GitHub Projects\Project 3\FlyAway\Backend\src\6-controllers\vacations-controller.ts:4:12)
    at C:\4578-94\GitHub Projects\Project 3\FlyAway\Backend\src\6-controllers\vacations-controller.ts:13:106
    at Layer.handle [as handle_request] (C:\4578-94\GitHub Projects\Project 3\FlyAway\Backend\node_modules\express\lib\router\layer.js:95:5)
    at next (C:\4578-94\GitHub Projects\Project 3\FlyAway\Backend\node_modules\express\lib\router\route.js:144:13)
    at verifyToken (C:\4578-94\GitHub Projects\Project 3\FlyAway\Backend\src\4-middleware\verify-token.ts:8:5)
    at Layer.handle [as handle_request] (C:\4578-94\GitHub Projects\Project 3\FlyAway\Backend\node_modules\express\lib\router\layer.js:95:5)
    at next (C:\4578-94\GitHub Projects\Project 3\FlyAway\Backend\node_modules\express\lib\router\route.js:144:13)
    at Route.dispatch (C:\4578-94\GitHub Projects\Project 3\FlyAway\Backend\node_modules\express\lib\router\route.js:114:3)
    at Layer.handle [as handle_request] (C:\4578-94\GitHub Projects\Project 3\FlyAway\Backend\node_modules\express\lib\router\layer.js:95:5)
    at C:\4578-94\GitHub Projects\Project 3\FlyAway\Backend\node_modules\express\lib\router\index.js:284:15
    at Function.process_params (C:\4578-94\GitHub Projects\Project 3\FlyAway\Backend\node_modules\express\lib\router\index.js:346:12)
    at next (C:\4578-94\GitHub Projects\Project 3\FlyAway\Backend\node_modules\express\lib\router\index.js:280:10)
    at Function.handle (C:\4578-94\GitHub Projects\Project 3\FlyAway\Backend\node_modules\express\lib\router\index.js:175:3)
    at router (C:\4578-94\GitHub Projects\Project 3\FlyAway\Backend\node_modules\express\lib\router\index.js:47:12)
    at Layer.handle [as handle_request] (C:\4578-94\GitHub Projects\Project 3\FlyAway\Backend\node_modules\express\lib\router\layer.js:95:5)
    at trim_prefix (C:\4578-94\GitHub Projects\Project 3\FlyAway\Backend\node_modules\express\lib\router\index.js:328:13)
    at C:\4578-94\GitHub Projects\Project 3\FlyAway\Backend\node_modules\express\lib\router\index.js:286:9
    at Function.process_params (C:\4578-94\GitHub Projects\Project 3\FlyAway\Backend\node_modules\express\lib\router\index.js:346:12)
    at next (C:\4578-94\GitHub Projects\Project 3\FlyAway\Backend\node_modules\express\lib\router\index.js:280:10)
    at C:\4578-94\GitHub Projects\Project 3\FlyAway\Backend\node_modules\express\lib\router\index.js:646:15
    at next (C:\4578-94\GitHub Projects\Project 3\FlyAway\Backend\node_modules\express\lib\router\index.js:265:14)
    at Function.handle (C:\4578-94\GitHub Projects\Project 3\FlyAway\Backend\node_modules\express\lib\router\index.js:175:3)
    at router (C:\4578-94\GitHub Projects\Project 3\FlyAway\Backend\node_modules\express\lib\router\index.js:47:12)
    at Layer.handle [as handle_request] (C:\4578-94\GitHub Projects\Project 3\FlyAway\Backend\node_modules\express\lib\router\layer.js:95:5)
    at trim_prefix (C:\4578-94\GitHub Projects\Project 3\FlyAway\Backend\node_modules\express\lib\router\index.js:328:13)
    at C:\4578-94\GitHub Projects\Project 3\FlyAway\Backend\node_modules\express\lib\router\index.js:286:9
    at Function.process_params (C:\4578-94\GitHub Projects\Project 3\FlyAway\Backend\node_modules\express\lib\router\index.js:346:12)
    at next (C:\4578-94\GitHub Projects\Project 3\FlyAway\Backend\node_modules\express\lib\router\index.js:280:10)
    at verbose (C:\4578-94\GitHub Projects\Project 3\FlyAway\Backend\src\4-middleware\verbose.ts:15:5)
    at Layer.handle [as handle_request] (C:\4578-94\GitHub Projects\Project 3\FlyAway\Backend\node_modules\express\lib\router\layer.js:95:5)
    at trim_prefix (C:\4578-94\GitHub Projects\Project 3\FlyAway\Backend\node_modules\express\lib\router\index.js:328:13)
    at C:\4578-94\GitHub Projects\Project 3\FlyAway\Backend\node_modules\express\lib\router\index.js:286:9
    at Function.process_params (C:\4578-94\GitHub Projects\Project 3\FlyAway\Backend\node_modules\express\lib\router\index.js:346:12)
    at next (C:\4578-94\GitHub Projects\Project 3\FlyAway\Backend\node_modules\express\lib\router\index.js:280:10)
    at C:\4578-94\GitHub Projects\Project 3\FlyAway\Backend\node_modules\express-fileupload\lib\index.js:35:14
    at Layer.handle [as handle_request] (C:\4578-94\GitHub Projects\Project 3\FlyAway\Backend\node_modules\express\lib\router\layer.js:95:5)
    at trim_prefix (C:\4578-94\GitHub Projects\Project 3\FlyAway\Backend\node_modules\express\lib\router\index.js:328:13)
    at C:\4578-94\GitHub Projects\Project 3\FlyAway\Backend\node_modules\express\lib\router\index.js:286:9
    at Function.process_params (C:\4578-94\GitHub Projects\Project 3\FlyAway\Backend\node_modules\express\lib\router\index.js:346:12)
    at next (C:\4578-94\GitHub Projects\Project 3\FlyAway\Backend\node_modules\express\lib\router\index.js:280:10)
    at sanitize (C:\4578-94\GitHub Projects\Project 3\FlyAway\Backend\src\4-middleware\sanitize.ts:11:5)
    at Layer.handle [as handle_request] (C:\4578-94\GitHub Projects\Project 3\FlyAway\Backend\node_modules\express\lib\router\layer.js:95:5)
    at trim_prefix (C:\4578-94\GitHub Projects\Project 3\FlyAway\Backend\node_modules\express\lib\router\index.js:328:13)
    at C:\4578-94\GitHub Projects\Project 3\FlyAway\Backend\node_modules\express\lib\router\index.js:286:9
    at Function.process_params (C:\4578-94\GitHub Projects\Project 3\FlyAway\Backend\node_modules\express\lib\router\index.js:346:12)
    at next (C:\4578-94\GitHub Projects\Project 3\FlyAway\Backend\node_modules\express\lib\router\index.js:280:10)
    at jsonParser (C:\4578-94\GitHub Projects\Project 3\FlyAway\Backend\node_modules\body-parser\lib\types\json.js:110:7)
    at Layer.handle [as handle_request] (C:\4578-94\GitHub Projects\Project 3\FlyAway\Backend\node_modules\express\lib\router\layer.js:95:5)
    at trim_prefix (C:\4578-94\GitHub Projects\Project 3\FlyAway\Backend\node_modules\express\lib\router\index.js:328:13)
    at C:\4578-94\GitHub Projects\Project 3\FlyAway\Backend\node_modules\express\lib\router\index.js:286:9
    at Function.process_params (C:\4578-94\GitHub Projects\Project 3\FlyAway\Backend\node_modules\express\lib\router\index.js:346:12)
    at next (C:\4578-94\GitHub Projects\Project 3\FlyAway\Backend\node_modules\express\lib\router\index.js:280:10)
    at cors (C:\4578-94\GitHub Projects\Project 3\FlyAway\Backend\node_modules\cors\lib\index.js:188:7)
    at C:\4578-94\GitHub Projects\Project 3\FlyAway\Backend\node_modules\cors\lib\index.js:224:17
    at originCallback (C:\4578-94\GitHub Projects\Project 3\FlyAway\Backend\node_modules\cors\lib\index.js:214:15)
    at C:\4578-94\GitHub Projects\Project 3\FlyAway\Backend\node_modules\cors\lib\index.js:219:13
    at optionsCallback (C:\4578-94\GitHub Projects\Project 3\FlyAway\Backend\node_modules\cors\lib\index.js:199:9)
    at corsMiddleware (C:\4578-94\GitHub Projects\Project 3\FlyAway\Backend\node_modules\cors\lib\index.js:204:7)
    at Layer.handle [as handle_request] (C:\4578-94\GitHub Projects\Project 3\FlyAway\Backend\node_modules\express\lib\router\layer.js:95:5)
    at trim_prefix (C:\4578-94\GitHub Projects\Project 3\FlyAway\Backend\node_modules\express\lib\router\index.js:328:13)
    at C:\4578-94\GitHub Projects\Project 3\FlyAway\Backend\node_modules\express\lib\router\index.js:286:9
    at Function.process_params (C:\4578-94\GitHub Projects\Project 3\FlyAway\Backend\node_modules\express\lib\router\index.js:346:12)
    at next (C:\4578-94\GitHub Projects\Project 3\FlyAway\Backend\node_modules\express\lib\router\index.js:280:10)
    at expressInit (C:\4578-94\GitHub Projects\Project 3\FlyAway\Backend\node_modules\express\lib\middleware\init.js:40:5)
    at Layer.handle [as handle_request] (C:\4578-94\GitHub Projects\Project 3\FlyAway\Backend\node_modules\express\lib\router\layer.js:95:5)
    at trim_prefix (C:\4578-94\GitHub Projects\Project 3\FlyAway\Backend\node_modules\express\lib\router\index.js:328:13)
    at C:\4578-94\GitHub Projects\Project 3\FlyAway\Backend\node_modules\express\lib\router\index.js:286:9
    at Function.process_params (C:\4578-94\GitHub Projects\Project 3\FlyAway\Backend\node_modules\express\lib\router\index.js:346:12)
    at next (C:\4578-94\GitHub Projects\Project 3\FlyAway\Backend\node_modules\express\lib\router\index.js:280:10)
    at query (C:\4578-94\GitHub Projects\Project 3\FlyAway\Backend\node_modules\express\lib\middleware\query.js:45:5)
    at Layer.handle [as handle_request] (C:\4578-94\GitHub Projects\Project 3\FlyAway\Backend\node_modules\express\lib\router\layer.js:95:5)
    at trim_prefix (C:\4578-94\GitHub Projects\Project 3\FlyAway\Backend\node_modules\express\lib\router\index.js:328:13)
    at C:\4578-94\GitHub Projects\Project 3\FlyAway\Backend\node_modules\express\lib\router\index.js:286:9
    at Function.process_params (C:\4578-94\GitHub Projects\Project 3\FlyAway\Backend\node_modules\express\lib\router\index.js:346:12)
    at next (C:\4578-94\GitHub Projects\Project 3\FlyAway\Backend\node_modules\express\lib\router\index.js:280:10)
    at Function.handle (C:\4578-94\GitHub Projects\Project 3\FlyAway\Backend\node_modules\express\lib\router\index.js:175:3)
    at Function.handle (C:\4578-94\GitHub Projects\Project 3\FlyAway\Backend\node_modules\express\lib\application.js:181:10)
    at Server.app (C:\4578-94\GitHub Projects\Project 3\FlyAway\Backend\node_modules\express\lib\express.js:39:9)
    at Server.emit (node:events:513:28)
    at Server.emit (node:domain:489:12)
    at parserOnIncoming (node:_http_server:1091:12)
    at HTTPParser.parserOnHeadersComplete (node:_http_common:119:17)
-----------------------------------------
9/4/2023, 1:01:11 PM
jwt expired
-----------------------------------------
